<?xml version="1.0" encoding="UTF-8"?>
<testsuite name="Run On Chrome"
           tests="3"
           failures="0"
           errors="0"
           skipped="0"
           time="7,943">
  <properties />
  
  
            <testcase name="User_01_Register" time="4,375" classname="com.nopcommerce.user.Level_20_Fake_Data_PartIV" />
                <testcase name="User_02_Login" time="2,782" classname="com.nopcommerce.user.Level_20_Fake_Data_PartIV" />
                <testcase name="User_03_My_Account" time="0,786" classname="com.nopcommerce.user.Level_20_Fake_Data_PartIV" />
      
</testsuite>
